<?xml version="1.0" encoding="UTF-8"?>
<!-- Generated by org.testng.reporters.JUnitReportReporter -->
<testsuite hostname="DESKTOP-JQ3FAIC" name="actitime.testscript.Customercreation" tests="1" failures="0" timestamp="7 Apr 2022 18:10:12 GMT" time="26.245" errors="0">
  <testcase name="createCustomer" time="26.245" classname="actitime.testscript.Customercreation"/>
</testsuite> <!-- actitime.testscript.Customercreation -->
