<?xml version="1.0" encoding="UTF-8"?>
<!-- Generated by org.testng.reporters.JUnitReportReporter -->
<testsuite hostname="DESKTOP-JQ3FAIC" name="com.section3.DemoTestng" tests="2" failures="0" timestamp="7 Apr 2022 18:30:01 GMT" time="24.006" errors="0">
  <testcase name="login" time="15.149" classname="com.section3.DemoTestng"/>
  <testcase name="login" time="8.857" classname="com.section3.DemoTestng"/>
</testsuite> <!-- com.section3.DemoTestng -->
