<?xml version="1.0" encoding="UTF-8"?>
<!-- Generated by org.testng.reporters.JUnitReportReporter -->
<testsuite hostname="DESKTOP-JQ3FAIC" name="com.section3.DemoDataprovider" tests="3" failures="0" timestamp="7 Apr 2022 18:11:45 GMT" time="35.677" errors="0">
  <testcase name="login" time="9.933" classname="com.section3.DemoDataprovider"/>
  <testcase name="login" time="13.513" classname="com.section3.DemoDataprovider"/>
  <testcase name="login" time="12.231" classname="com.section3.DemoDataprovider"/>
</testsuite> <!-- com.section3.DemoDataprovider -->
