<?xml version="1.0" encoding="UTF-8"?>
<!-- Generated by org.testng.reporters.JUnitReportReporter -->
<testsuite hostname="DESKTOP-JQ3FAIC" name="actitime.testscript.SupportVesrion" tests="1" failures="0" timestamp="8 Apr 2022 17:52:06 GMT" time="14.466" errors="0">
  <testcase name="getVersion" time="14.466" classname="actitime.testscript.SupportVesrion"/>
</testsuite> <!-- actitime.testscript.SupportVesrion -->
